<?xml version="1.0" encoding="UTF-8"?>
<testng-results ignored="0" total="1" passed="1" failed="0" skipped="0">
  <reporter-output>
  </reporter-output>
  <suite started-at="2022-03-25T16:36:57Z" name="Default suite" finished-at="2022-03-25T16:37:34Z" duration-ms="36086">
    <groups>
    </groups>
    <test started-at="2022-03-25T16:36:57Z" name="Default test" finished-at="2022-03-25T16:37:34Z" duration-ms="36086">
      <class name="test.DashBoardTest">
        <test-method signature="ValidUserShouldBeAbleToAccessAddCustomerMenu()[pri:0, instance:test.DashBoardTest@5a5338df]" started-at="2022-03-25T16:36:58Z" name="ValidUserShouldBeAbleToAccessAddCustomerMenu" finished-at="2022-03-25T16:37:34Z" duration-ms="36021" status="PASS">
          <reporter-output>
          </reporter-output>
        </test-method> <!-- ValidUserShouldBeAbleToAccessAddCustomerMenu -->
      </class> <!-- test.DashBoardTest -->
    </test> <!-- Default test -->
  </suite> <!-- Default suite -->
</testng-results>
